<?xml version="1.0" encoding="UTF-8"?>
<!-- Generated by org.testng.reporters.JUnitReportReporter -->
<testsuite skipped="0" hostname="LAPTOP-BGVAMC4V" name="com.selenium.life.test.GenerateLifeInsuranceQuoteTest" tests="4" failures="0" timestamp="11 Jun 2017 23:18:11 GMT" time="18.776" errors="0">
  <testcase name="generateQuote" time="2.866" classname="com.selenium.life.test.GenerateLifeInsuranceQuoteTest"/>
  <testcase name="quoteAmountIsDisplayed" time="0.790" classname="com.selenium.life.test.GenerateLifeInsuranceQuoteTest"/>
  <testcase name="getLifeQuoteIsClicked" time="0.114" classname="com.selenium.life.test.GenerateLifeInsuranceQuoteTest"/>
  <testcase name="openBrowser" time="15.006" classname="com.selenium.life.test.GenerateLifeInsuranceQuoteTest"/>
</testsuite> <!-- com.selenium.life.test.GenerateLifeInsuranceQuoteTest -->
